a4,f7.4,a1,1x,f8.4,a1,1x,i4,1x,i1,1x,i3,1x,f5.2,2x,f5.2,3x,i1)
AHRW50.5410N 007.0760E 0000 1 001 00.00  00.00
BA1651.0301N 006.6616E 0000 1 002 00.00  00.00 
BA1751.2516N 006.3657E 0000 1 003 00.00  00.00
BAVS51.6998N 007.1331E 0000 1 004 00.00  00.00
BAVN51.7380N 007.1220E 0000 1 005 00.00  00.00
BD0951.0963N 006.4650E 0000 1 006 00.00  00.00
BD1051.0548N 006.4572E 0000 1 007 00.00  00.00
BD1151.0823N 006.4302E 0000 1 008 00.00  00.00
BD1351.0487N 006.4339E 0000 1 009 00.00  00.00
BULI51.4543N 007.2602E 0000 1 010 00.00  00.00
BPFI51.4185N 007.2276E 0000 1 011 00.00  00.00
BUG051.4406N 007.2692E 0000 1 012 00.00  00.00
BK0851.6080N 007.6754E 0000 1 013 00.00  00.00
BK0951.6001N 007.6227E 0000 1 014 00.00  00.00
BK1051.6397N 007.6611E 0000 1 015 00.00  00.00
BK1851.6154N 007.6226E 0000 1 016 00.00  00.00
BK2051.6077N 007.6518E 0000 1 017 00.00  00.00
BK3151.6110N 007.5966E 0000 1 018 00.00  00.00
BK3551.6154N 007.6226E 0000 1 019 00.00  00.00
BK4151.6298N 007.5978E 0000 1 020 00.00  00.00
BK4251.6118N 007.5879E 0000 1 021 00.00  00.00
BRH251.5118N 006.5729E 0000 1 022 00.00  00.00
BKLB51.4401N 007.2696E 0000 1 023 00.00  00.00
BOR051.0823N 006.4302E 0000 1 024 00.00  00.00
BTEZ51.4490N 007.2790E 0000 1 025 00.00  00.00
ENT051.1448N 007.2464E 0000 1 026 00.00  00.00
DR5051.5258N 007.5538E 0000 1 027 00.00  00.00
HES051.2207N 007.0255E 0000 1 028 00.00  00.00
HMES51.6577N 007.7263E 0000 1 029 00.00  00.00
HM0251.6471N 007.7514E 0000 1 030 00.00  00.00
HM0351.6436N 007.7304E 0000 1 031 00.00  00.00
HM0451.5939N 007.7044E 0000 1 032 00.00  00.00
HM0551.6302N 007.7023E 0000 1 033 00.00  00.00
HM0651.6502N 007.6951E 0000 1 034 00.00  00.00
HM0751.6187N 007.7179E 0000 1 035 00.00  00.00
HM0851.6080N 007.6754E 0000 1 036 00.00  00.00
HM0951.6001N 007.6227E 0000 1 037 00.00  00.00
HM1051.6397N 007.6611E 0000 1 038 00.00  00.00
HM1151.6831N 007.7693E 0000 1 039 00.00  00.00
HM1251.6618N 007.7707E 0000 1 040 00.00  00.00
HM1351.6452N 007.7109E 0000 1 041 00.00  00.00
HM1451.6891N 007.7348E 0000 1 042 00.00  00.00
HM1551.6276N 007.7452E 0000 1 043 00.00  00.00
HM1651.6777N 007.6512E 0000 1 044 00.00  00.00
HM1751.6597N 007.8229E 0000 1 050 00.00  00.00
IBBN52.3071N 007.7566E 0000 1 051 00.00  00.00
IBBE52.2997N 007.7943E 0000 1 052 00.00  00.00
IBBS52.2842N 007.7485E 0000 1 053 00.00  00.00
KM3551.5844N 007.6232E 0000 1 054 00.00  00.00
KM4651.5695N 007.6551E 0000 1 055 00.00  00.00
KAM051.5939N 007.7044E 0000 1 056 00.00  00.00
KAST51.2027N 008.4162E 0000 1 057 00.00  00.00
LAUG51.3510N 006.9440E 0000 1 058 00.00  00.00
LN3951.6037N 007.5388E 0000 1 059 00.00  00.00
LN4351.5976N 007.5723E 0000 1 060 00.00  00.00
SOR051.2098N 007.5828E 0000 1 061 00.00  00.00
WR1551.6820N 007.6936E 0000 1 062 00.00  00.00
WR1751.6777N 007.6512E 0000 1 063 00.00  00.00
ZERL51.6207N 006.8695E 0000 1 064 00.00  00.00
ZER151.5947N 006.8252E 0000 1 065 00.00  00.00
ZER351.6127N 006.8384E 0000 1 066 00.00  00.00

