(a4,f7.4,a1,1x,f8.4,a1,1x,i4,1x,i1,1x,i3,1x,f5.2,2x,f5.2)
HAMA 51.6471N 7.7514E    0.057  1  0.00   0.00   1
HAMB 51.6436N 7.7304E    0.058  1  0.00   0.00   1
HAMC 51.5939N 7.7044E    0.065  1  0.00   0.00   1
KAM0 51.5939N 7.7044E    0.065  1  0.00   0.00   1
HAMD 51.6302N 7.7023E    0.065  1  0.00   0.00   1
HAME 51.6502N 7.6951E    0.059  1  0.00   0.00   1
HAMF 51.6187N 7.7179E    0.059  1  0.00   0.00   1
BGK0 51.6080N 7.6754E    0.075  1  0.00   0.00   1
HAMG 51.6080N 7.6754E    0.075  1  0.00   0.00   1
HAMH 51.6001N 7.6227E    0.054  1  0.00   0.00   1
BGK1 51.6001N 7.6227E    0.054  1  0.00   0.00   1
HAMi 51.6397N 7.6611E    0.053  1  0.00   0.00   1
BGK2 51.6397N 7.6611E    0.053  1  0.00   0.00   1
HAMJ 51.6831N 7.7693E    0.047  1  0.00   0.00   1
HAMK 51.6618N 7.7707E    0.060  1  0.00   0.00   1
HAML 51.6452N 7.7109E    0.055  1  0.00   0.00   1
HAMM 51.6891N 7.7348E    0.078  1  0.00   0.00   1
HAMN 51.6820N 7.6936E    0.085  1  0.00   0.00   1
WER1 51.6820N 7.6936E    0.085  1  0.00   0.00   1
HAMO 51.6276N 7.7452E    0.064  1  0.00   0.00   1
HAMP 51.6777N 7.6512E    0.081  1  0.00   0.00   1
WER2 51.6777N 7.6512E    0.081  1  0.00   0.00   1
BGK3 51.6154N 7.6226E    0.065  1  0.00   0.00   1
BGK4 51.6077N 7.6518E    0.060  1  0.00   0.00   1
DOR5 51.5258N 7.5538E    0.076  1  0.00   0.00   1
HAMQ 51.6597N 7.8229E    0.066  1  0.00   0.00   1
BAVS 51.6998N 7.1331E    0.034  1  0.00   0.00   1
HNES 51.6577N 7.7263E    0.056  1  0.00   0.00   1
BAVN 51.7380N 7.1220E    0.065  1  0.00   0.00   1
ZERL 51.6207N 6.8695E    0.051  1  0.00   0.00   1
ZER1 51.5947N 6.8252E    0.058  1  0.00   0.00   1
ZER3 51.6127N 6.8384E    0.064  1  0.00   0.00   1
TNS0 50.2236N 8.4489E    0.815  1  0.00   0.00   1
STB0 50.5940N 6.8400E    0.270  1  0.00   0.00   1
SOR0 51.2098N 7.5828E    0.280  1  0.00   0.00   1
SIN0 50.9175N 6.6637E    0.072  1  0.00   0.00   1
RAST 52.9095N 7.7163E    0.037  1  0.00   0.00   1
LUEB 52.2966N 8.6993E    0.155  1  0.00   0.00   1
KRF0 51.2039N 6.3217E    0.038  1  0.00   0.00   1
KOE0 50.4253N 7.7317E    0.540  1  0.00   0.00   1
KLL0 50.6467N 6.3113E    0.440  1  0.00   0.00   1
KAST 51.2027N 8.4162E    0.620  1  0.00   0.00   1
JUE0 50.9100N 6.4070E    0.091  1  0.00   0.00   1
IBBS 52.2842N 7.7566E    0.169  1  0.00   0.00   1
IBBN 52.3071N 7.7566E    0.137  1  0.00   0.00   1
IBBE 52.2997N 7.7943E    0.141  1  0.00   0.00   1
HIL0 50.2918N 6.6788E    0.500  1  0.00   0.00   1
HGN0 50.7640N 5.9317E    0.135  1  0.00   0.00   1
HES0 51.2207N 7.0255E    0.130  1  0.00   0.00   1
GTTG 51.5463N 9.9641E    0.272  1  0.00   0.00   1
ENT0 51.1448N 7.2464E    0.300  1  0.00   0.00   1
BULI 51.4543N 7.2602E    0.145  1  0.00   0.00   1
BUG0 51.4406N 7.2692E    0.050  1  0.00   0.00   1
BTEZ 51.4490N 7.2790E    0.112  1  0.00   0.00   1
BPFI 51.4185N 7.2276E    0.120  1  0.00   0.00   1
BKLB 51.4401N 7.2696E    0.034  1  0.00   0.00   1
BTEZ 51.4490N 7.2790E    0.112  1  0.00   0.00   1
WLFO 49.6646N 6.1526E    0.295  1  0.00   0.00   1
TNS0 50.2236N 8.4489E    0.815  1  0.00   0.00   1
CLZ0 51.8429N 10.374E    0.680  1  0.00   0.00   1
FLT1 52.3306N 11.237E    0.100  1  0.00   0.00   1
BSEG 53.9353N 10.316E    0.040  1  0.00   0.00   1
STU0 48.7719N 9.1950E    0.360  1  0.00   0.00   1
MOX0 50.6447N 11.615E    0.455  1  0.00   0.00   1
BFO0 48.3311N 8.3303E    0.589  1  0.00   0.00   1
GRA1 49.6919N 11.221E    0.499  1  0.00   0.00   1
GRB2 49.2709N 11.670E    0.552  1  0.00   0.00   1
CLL0 51.3090N 13.004E    0.230  1  0.00   0.00   1
FUR0 48.1629N 11.275E    0.565  1  0.00   0.00   1
BRG0 50.8748N 13.946E    0.296  1  0.00   0.00   1
WET0 49.1440N 12.878E    0.613  1  0.00   0.00   1
MORC 49.7766N 17.542E    0.740  1  0.00   0.00   1
BHE0 50.2117N 7.1077E    0.290  1  0.00   0.00   1
ENT0 51.1448N 7.2464E    0.300  1  0.00   0.00   1
GSH0 50.4414N 6.2277E    0.370  1  0.00   0.00   1
GM01 50.4415N 6.2260E    0.370  1  0.00   0.00   1
GM02 50.4414N 6.2277E    0.370  1  0.00   0.00   1
GM03 50.4424N 6.2277E    0.370  1  0.00   0.00   1
HES0 51.2207N 7.0255E    0.130  1  0.00   0.00   1
JCK0 51.0209N 6.2585E    -0.24  1  0.00   0.00   1
KRF0 51.2039N 6.3217E    0.038  1  0.00   0.00   1
LOH0 50.1094N 6.3213E    0.580  1  0.00   0.00   1
OLF0 50.2963N 6.2521E    0.470  1  0.00   0.00   1
PLH0 51.0024N 6.4917E    -0.30  1  0.00   0.00   1
RWB0 51.0610N 6.0930E    0.045  1  0.00   0.00   1
SOR0 51.2098N 7.5828E    0.280  1  0.00   0.00   1
TDN0 50.3458N 6.5667E    0.350  1  0.00   0.00   1
WBS0 50.4836N 7.1698E    0.130  1  0.00   0.00   1
ASSE 52.1300N 10.673E    -0.30  1  0.00   0.00   1
BING 50.9708N 5.9268E    0.000  1  0.00   0.00   1
DBNO 52.1016N 5.1766E    0.003  1  0.00   0.00   1
HGNO 50.764ON 5.9317E    0.135  1  0.00   0.00   1
MANO 50.8000N 5.9727E    0.000  1  0.00   0.00   1
NEER 51.1687N 5.7846E    0.030  1  0.00   0.00   1
OPLO 51.6080N 5.8730E    0.000  1  0.00   0.00   1
RDCO 50.8694N 6.0847E    0.145  1  0.00   0.00   1
WITO 52.8135N 6.6695E    0.017  1  0.00   0.00   1
WTSB 51.9663N 6.7989E    0.043  1  0.00   0.00   1
BNS0 50.9639N 7.1756E    0.200  1  0.00   0.00   1
BGG0 50.2060N 7.3372E    0.140  1  0.00   0.00   1
DREG 50.6630N 6.2330E    0.390  1  0.00   0.00   1
DRE0 50.6630N 6.2330E    0.390  1  0.00   0.00   1
HOBG 50.9835N 7.3338E    0.270  1  0.00   0.00   1
HILG 50.2928N 6.6788E    0.500  1  0.00   0.00   1
JUE0 50.9100N 6.4070E    0.091  1  0.00   0.00   1
KLL0 50.6467N 6.3113E    0.440  1  0.00   0.00   1
KOE0 50.4253N 7.7317E    0.540  1  0.00   0.00   1
LAUG 51.3510N 6.9440E    0.140  1  0.00   0.00   1
RODG 51.1447N 6.1803E    0.070  1  0.00   0.00   1
STB0 50.5940N 6.8400E    0.270  1  0.00   0.00   1
BA01 50.7789N 6.0614E    0.216  1  0.00   0.00   1
BA02 50.7722N 6.2157E    0.230  1  0.00   0.00   1
BA03 50.8379N 6.3866E    0.120  1  0.00   0.00   1
BA04 50.7620N 6.7941E    0.118  1  0.00   0.00   1
BA05 50.9175N 6.6637E    0.072  1  0.00   0.00   1
BA06 50.9196N 6.7052E    0.073  1  0.00   0.00   1
BA07 50.9259N 6.9243E    0.050  1  0.00   0.00   1
BA08 50.9642N 7.0755E    0.058  1  0.00   0.00   1
BA09 50.9638N 7.1755E    0.200  1  0.00   0.00   1
BA10 50.6131N 6.9945E    0.186  1  0.00   0.00   1



