(a4,f7.4,a1,1x,f8.4,a1,1x,i4,1x,i1,1x,i3,1x,f5.2,2x,f5.2)
HM0151.6471N 7.7514E    0.057  1  0.00   0.00   1
HM0251.6436N 7.7304E    0.058  1  0.00   0.00   1
HM0351.5939N 7.7044E    0.065  1  0.00   0.00   1
KAM051.5939N 7.7044E    0.065  1  0.00   0.00   1
HM0451.6302N 7.7023E    0.065  1  0.00   0.00   1
HM0551.6502N 7.6951E    0.059  1  0.00   0.00   1
HM0651.6187N 7.7179E    0.059  1  0.00   0.00   1
BGK051.6080N 7.6754E    0.075  1  0.00   0.00   1
HAMG51.6080N 7.6754E    0.075  1  0.00   0.00   1
HAMH51.6001N 7.6227E    0.054  1  0.00   0.00   1
BGK151.6001N 7.6227E    0.054  1  0.00   0.00   1
HAMi51.6397N 7.6611E    0.053  1  0.00   0.00   1
BGK251.6397N 7.6611E    0.053  1  0.00   0.00   1
HAMJ51.6831N 7.7693E    0.047  1  0.00   0.00   1
HAMK51.6618N 7.7707E    0.060  1  0.00   0.00   1
HAML51.6452N 7.7109E    0.055  1  0.00   0.00   1
HAMM51.6891N 7.7348E    0.078  1  0.00   0.00   1
        WER151.6820N 7.6936E    0.085  1  0.00   0.00   1
HAMO51.6276N 7.7452E    0.064  1  0.00   0.00   1
HAMP51.6777N 7.6512E    0.081  1  0.00   0.00   1
        WER251.6777N 7.6512E    0.081  1  0.00   0.00   1
BGK351.6154N 7.6226E    0.065  1  0.00   0.00   1
BGK451.6077N 7.6518E    0.060  1  0.00   0.00   1
DOR551.5258N 7.5538E    0.076  1  0.00   0.00   1
HAMQ51.6597N 7.8229E    0.066  1  0.00   0.00   1
BAVS51.6998N 7.1331E    0.034  1  0.00   0.00   1
HNES51.6577N 7.7263E    0.056  1  0.00   0.00   1
BAVN51.7380N 7.1220E    0.065  1  0.00   0.00   1
ZERL51.6207N 6.8695E    0.051  1  0.00   0.00   1
ZER151.5947N 6.8252E    0.058  1  0.00   0.00   1
ZER351.6127N 6.8384E    0.064  1  0.00   0.00   1
TNS050.2236N 8.4489E    0.815  1  0.00   0.00   1
STB050.5940N 6.8400E    0.270  1  0.00   0.00   1
SOR051.2098N 7.5828E    0.280  1  0.00   0.00   1
SIN050.9175N 6.6637E    0.072  1  0.00   0.00   1
RAST52.9095N 7.7163E    0.037  1  0.00   0.00   1
LUEB52.2966N 8.6993E    0.155  1  0.00   0.00   1
KRF051.2039N 6.3217E    0.038  1  0.00   0.00   1
KOE050.4253N 7.7317E    0.540  1  0.00   0.00   1
KLL050.6467N 6.3113E    0.440  1  0.00   0.00   1
KAST51.2027N 8.4162E    0.620  1  0.00   0.00   1
JUE050.9100N 6.4070E    0.091  1  0.00   0.00   1
IBBS52.2842N 7.7566E    0.169  1  0.00   0.00   1
IBBN52.3071N 7.7566E    0.137  1  0.00   0.00   1
IBBE52.2997N 7.7943E    0.141  1  0.00   0.00   1
HIL050.2918N 6.6788E    0.500  1  0.00   0.00   1
HGN050.7640N 5.9317E    0.135  1  0.00   0.00   1
HES051.2207N 7.0255E    0.130  1  0.00   0.00   1
GTTG51.5463N 9.9641E    0.272  1  0.00   0.00   1
ENT051.1448N 7.2464E    0.300  1  0.00   0.00   1
BULI51.4543N 7.2602E    0.145  1  0.00   0.00   1
BUG051.4406N 7.2692E    0.050  1  0.00   0.00   1
BTEZ51.4490N 7.2790E    0.112  1  0.00   0.00   1
BPFI51.4185N 7.2276E    0.120  1  0.00   0.00   1
BKLB51.4401N 7.2696E    0.034  1  0.00   0.00   1
BTEZ51.4490N 7.2790E    0.112  1  0.00   0.00   1
WLFO49.6646N 6.1526E    0.295  1  0.00   0.00   1
TNS050.2236N 8.4489E    0.815  1  0.00   0.00   1
CLZ051.8429N 10.374E    0.680  1  0.00   0.00   1
FLT152.3306N 11.237E    0.100  1  0.00   0.00   1
BSEG53.9353N 10.316E    0.040  1  0.00   0.00   1
STU048.7719N 9.1950E    0.360  1  0.00   0.00   1
MOX050.6447N 11.615E    0.455  1  0.00   0.00   1
BFO048.3311N 8.3303E    0.589  1  0.00   0.00   1
GRA149.6919N 11.221E    0.499  1  0.00   0.00   1
GRB249.2709N 11.670E    0.552  1  0.00   0.00   1
CLL051.3090N 13.004E    0.230  1  0.00   0.00   1
FUR048.1629N 11.275E    0.565  1  0.00   0.00   1
BRG050.8748N 13.946E    0.296  1  0.00   0.00   1
WET049.1440N 12.878E    0.613  1  0.00   0.00   1
MORC49.7766N 17.542E    0.740  1  0.00   0.00   1
BHE050.2117N 7.1077E    0.290  1  0.00   0.00   1
ENT051.1448N 7.2464E    0.300  1  0.00   0.00   1
GSH050.4414N 6.2277E    0.370  1  0.00   0.00   1
GM0150.4415N 6.2260E    0.370  1  0.00   0.00   1
GM0250.4414N 6.2277E    0.370  1  0.00   0.00   1
GM0350.4424N 6.2277E    0.370  1  0.00   0.00   1
HES051.2207N 7.0255E    0.130  1  0.00   0.00   1
JCK051.0209N 6.2585E    -0.24  1  0.00   0.00   1
KRF051.2039N 6.3217E    0.038  1  0.00   0.00   1
LOH050.1094N 6.3213E    0.580  1  0.00   0.00   1
OLF050.2963N 6.2521E    0.470  1  0.00   0.00   1
PLH051.0024N 6.4917E    -0.30  1  0.00   0.00   1
RWB051.0610N 6.0930E    0.045  1  0.00   0.00   1
SOR051.2098N 7.5828E    0.280  1  0.00   0.00   1
TDN050.3458N 6.5667E    0.350  1  0.00   0.00   1
WBS050.4836N 7.1698E    0.130  1  0.00   0.00   1
ASSE52.1300N 10.673E    -0.30  1  0.00   0.00   1
BING50.9708N 5.9268E    0.000  1  0.00   0.00   1
DBNO52.1016N 5.1766E    0.003  1  0.00   0.00   1
HGNO50.764ON 5.9317E    0.135  1  0.00   0.00   1
MANO50.8000N 5.9727E    0.000  1  0.00   0.00   1
NEER51.1687N 5.7846E    0.030  1  0.00   0.00   1
OPLO51.6080N 5.8730E    0.000  1  0.00   0.00   1
RDCO50.8694N 6.0847E    0.145  1  0.00   0.00   1
WITO52.8135N 6.6695E    0.017  1  0.00   0.00   1
WTSB51.9663N 6.7989E    0.043  1  0.00   0.00   1
BNS050.9639N 7.1756E    0.200  1  0.00   0.00   1
BGG050.2060N 7.3372E    0.140  1  0.00   0.00   1
DREG50.6630N 6.2330E    0.390  1  0.00   0.00   1
DRE050.6630N 6.2330E    0.390  1  0.00   0.00   1
HOBG50.9835N 7.3338E    0.270  1  0.00   0.00   1
HILG50.2928N 6.6788E    0.500  1  0.00   0.00   1
JUE050.9100N 6.4070E    0.091  1  0.00   0.00   1
KLL050.6467N 6.3113E    0.440  1  0.00   0.00   1
KOE050.4253N 7.7317E    0.540  1  0.00   0.00   1
LAUG51.3510N 6.9440E    0.140  1  0.00   0.00   1
RODG51.1447N 6.1803E    0.070  1  0.00   0.00   1
STB050.5940N 6.8400E    0.270  1  0.00   0.00   1
BA0150.7789N 6.0614E    0.216  1  0.00   0.00   1
BA0250.7722N 6.2157E    0.230  1  0.00   0.00   1
BA0350.8379N 6.3866E    0.120  1  0.00   0.00   1
BA0450.7620N 6.7941E    0.118  1  0.00   0.00   1
BA0550.9175N 6.6637E    0.072  1  0.00   0.00   1
BA0650.9196N 6.7052E    0.073  1  0.00   0.00   1
BA0750.9259N 6.9243E    0.050  1  0.00   0.00   1
BA0850.9642N 7.0755E    0.058  1  0.00   0.00   1
BA0950.9638N 7.1755E    0.200  1  0.00   0.00   1
BA1050.6131N 6.9945E    0.186  1  0.00   0.00   1
GTSRCE BA11 LATLON 50.7666 6.5010 0 0.138
GTSRCE BA12 LATLON 50.9091 6.1863 0 0.116
GTSRCE BA13 LATLON 51.0707 6.0753 0 0.042
GTSRCE BA14 LATLON 50.6717 6.5661 0 0.239
GTSRCE BA15 LATLON 50.7117 6.9275 0 0.157
GTSRCE BA16 LATLON 51.0301 6.6616 0 0.081
GTSRCE BA17 LATLON 51.2516 6.3657 0 0.065
GTSRCE BA18 LATLON 50.5938 6.8393 0 0.262
GTSRCE BA19 LATLON 50.9412 6.9577 0 0.048
GTSRCE BA20 LATLON 50.9412 6.9577 0 0.080
GTSRCE BAVN LATLON 51.738 7.122 0 0.065
GTSRCE BAVS LATLON 51.6998 7.1331 0 0.034
GTSRCE BD01 LATLON 50.9593 6.6355 0 0.078
GTSRCE BD02 LATLON 50.9679 6.6743 0 0.115
GTSRCE BD03 LATLON 50.9917 6.5570 0 0.070
GTSRCE BD04 LATLON 50.9151 6.5986 0 0.080


GTSRCE AHRW LATLON 50.541 7.076 0 0.1
GTSRCE ASSE LATLON 52.13 10.673 0 -0.3086
GTSRCE BAVN LATLON 51.738 7.122 0 0.065
GTSRCE BAVS LATLON 51.6998 7.1331 0 0.034
GTSRCE BER LATLON 50.9593 6.6355 0 0.078
GTSRCE BGG LATLON 50.2060 7.3372 0 0.140
GTSRCE BKLB LATLON 51.44011 7.26969 0 0.085
GTSRCE BPFI LATLON 51.4185 7.2276 0 0.12
GTSRCE BTEZ LATLON 51.449 7.279 0 0.112
GTSRCE BUG LATLON 51.4406 7.26928 0 0.05
GTSRCE BULI LATLON 51.45437 7.26023 0 0.145
GTSRCE CLL LATLON 51.309 13.004 0 0.23
GTSRCE CLZ LATLON 51.8429 10.3741 0 0.68
GTSRCE ENT LATLONDM 51 14.484 N 7 24.647 E 0 0.300
GTSRCE GTTG LATLON 51.54639 9.96417 0 0.272
GTSRCE HES LATLONDM 51 22.074 N 7 02.556 E 0 0.130
GTSRCE HGN LATLON 50.764 5.9317 0 0.135
GTSRCE HIL LATLON 50.2918 6.6788 0 0.500
GTSRCE HMES LATLON 51.65777 7.72634 0 0.056
GTSRCE IBBE LATLON 52.29979 7.7943 0 0.141
GTSRCE IBBN LATLON 52.30719 7.75661 0 0.137
GTSRCE IBBS LATLON 52.284281 7.748559 0 0.169
GTSRCE JUE LATLON 50.9100 6.4070 0 0.091
GTSRCE KAST LATLON 51.2027 8.4162 0 0.62
GTSRCE KLL LATLON 50.6467 6.3113 0 0.440
GTSRCE KOE LATLON 50.4253 7.7317 0 0.540
GTSRCE KRF LATLONDM 51 20.394 N 6 32.178 E 0 0.038
GTSRCE LUEB LATLON 52.2966 8.6993 0 0.155
GTSRCE RAST LATLON 52.90959 7.71638 0 0.037
GTSRCE SIN LATLON 50.9175 6.6637 0 0.072
GTSRCE SOR LATLONDM 51 20.982 N 7 58.283 E 0 0.280
GTSRCE STB LATLON 50.5940 6.8400 0 0.270
GTSRCE TNS LATLON 50.2236 8.4489 0 0.815
GTSRCE ZER1 LATLON 51.59472 6.82523 0 0.058
ZER351.6127N 6.8384E 0 0.064
ZERL51.6207N 6.8695E 0 0.051

GTSRCE ZER3 LATLON 51.61275 6.83842 0 0.064
GTSRCE ZER1 LATLON 51.59472 6.82523 0 0.058
GTSRCE ZERL LATLON 51.6207 6.8695 0 0.051
GTSRCE BRH2 LATLON 51.51183 6.57293 0 0.021

BAVS51.6998N 7.1331E 0 0.034
BAVS51.6998N 7.1331E 0 0.034
BAVN51.7380N 7.1220E 0 0.065
BULI51.4543N 7.2602E 0 0.145
BPFI51.4185N 7.2276E 0 0.12
BUG051.4406N 7.2692E 0 0.05
BKLB51.4401N 7.2696E 0 0.085
BTEZ51.4490N 7.2790E 0 0.112
HMES51.6577N 7.7263E 0 0.056
IBBN52.3071N 7.7566E 0 0.137
IBBE52.2997N 7.7943E 0 0.141
IBBS52.2842N 7.7485E 0 0.160

GTSRCE AHRW LATLON 50.5410N 7.076 0 0.1
GTSRCE WLF LATLON 49.6646N 6.1526 0 0.295
GTSRCE TNS LATLON 50.2236N 8.4489 0 0.815
#GTSRCE CLZ LATLON 51.8429 10.3741 0 0.68
#GTSRCE ASSE LATLON 52.13 10.673 0 -0.3086
#GTSRCE FLT1 LATLON 52.3306 11.2372 0 0.1
#GTSRCE BSEG LATLON 53.9353 10.3169 0 0.04
#GTSRCE STU LATLON 48.7719 9.195 0 0.36
#GTSRCE MOX LATLON 50.6447 11.6156 0 0.455
#GTSRCE BFO LATLON 48.3311 8.3303 0 0.589
#GTSRCE GRA1 LATLON 49.6919 11.2217 0 0.4995
#GTSRCE GRB2 LATLON 49.2709 11.67 0 0.552
#GTSRCE CLL LATLON 51.309 13.004 0 0.23
#GTSRCE FUR LATLON 48.1629 11.2752 0 0.565
#GTSRCE BRG LATLON 50.8748 13.9469 0 0.296
#GTSRCE WET LATLON 49.144 12.8782 0 0.613
#GTSRCE MORC LATLON 49.7766 17.5428 0 0.74
#GTSRCE BHE LATLONDM 50 21.174 N 7 10.775 E 0 0.290

BTEZ51.4490N 7.2790E 0 0.112
HMES51.6577N 7.7263E 0 0.056
IBBN52.3071N 7.7566E 0 0.137
IBBE52.2997N 7.7943E 0 0.141
IBBS52.2842N 7.7485E 0 0.169

GTSRCE AHRW LATLON 50.541 7.076 0 0.1
GTSRCE WLF LATLON 49.6646 6.1526 0 0.295
GTSRCE TNS LATLON 50.2236 8.4489 0 0.815
#GTSRCE CLZ LATLON 51.8429 10.3741 0 0.68
#GTSRCE ASSE LATLON 52.13 10.673 0 -0.3086
#GTSRCE FLT1 LATLON 52.3306 11.2372 0 0.1
#GTSRCE BSEG LATLON 53.9353 10.3169 0 0.04
#GTSRCE STU LATLON 48.7719 9.195 0 0.36
#GTSRCE MOX LATLON 50.6447 11.6156 0 0.455
#GTSRCE BFO LATLON 48.3311 8.3303 0 0.589
#GTSRCE GRA1 LATLON 49.6919 11.2217 0 0.4995
#GTSRCE GRB2 LATLON 49.2709 11.67 0 0.552
#GTSRCE CLL LATLON 51.309 13.004 0 0.23
#GTSRCE FUR LATLON 48.1629 11.2752 0 0.565
#GTSRCE BRG LATLON 50.8748 13.9469 0 0.296
#GTSRCE WET LATLON 49.144 12.8782 0 0.613
#GTSRCE MORC LATLON 49.7766 17.5428 0 0.74
#GTSRCE BHE LATLONDM 50 21.174 N 7 10.775 E 0 0.290
#GTSRCE ENT LATLONDM 51 14.484 N 7 24.647 E 0 0.300
#GTSRCE GSH LATLONDM 50 44.141 N 6 22.776 E 0 0.370
#GTSRCE GM1 LATLONDM 50 44.154 N 6 22.601 E 0 0.370
#GTSRCE GM2 LATLONDM 50 44.141 N 6 22.776 E 0 0.370
#GTSRCE GM3 LATLONDM 50 44.249 N 6 22.776 E 0 0.370
#GTSRCE HES LATLONDM 51 22.074 N 7 02.556 E 0 0.130
#GTSRCE JCK LATLONDM 51 02.099 N 6 25.854 E 0 -0.240
#GTSRCE KRF LATLONDM 51 20.394 N 6 32.178 E 0 0.038
#GTSRCE LOH LATLONDM 50 10.949 N 6 32.136 E 0 0.580
#GTSRCE OLF LATLONDM 50 29.634 N 6 25.211 E 0 0.470
#GTSRCE PLH LATLONDM 51 00.240 N 6 49.170 E 0 -0.300
#GTSRCE RWB LATLONDM 51 06.107 N 6 09.300 E 0 0.045
#GTSRCE SOR LATLONDM 51 20.982 N 7 58.283 E 0 0.280
#GTSRCE TDN LATLONDM 50 34.487 N 6 56.676 E 0 0.350
#GTSRCE WBS LATLONDM 50 48.365 N 7 16.986 E 0 0.130
#GTSRCE BING LATLON 50.9708 5.9268 0 0
#GTSRCE DBN0 LATLON 52.10167 5.17667 0 0.003
#GTSRCE HGN0 LATLON 50.764 5.9317 0 0.135
#GTSRCE MAM0 LATLON 50.8 5.9727 0 0
#GTSRCE NEER LATLON 51.1687 5.7846 0 0.030
#GTSRCE OPL0 LATLON 51.6080 5.8730 0 0
#GTSRCE RDC0 LATLON 50.8694 6.0847 0 0.145
#GTSRCE WIT0 LATLON 52.8135 6.6695 0 0.017
WTSB51.9663N 6.7989E 0 0.043

#GTSRCE GSH LATLONDM 50 44.141 N 6 22.776 E 0 0.370
#GTSRCE GM1 LATLONDM 50 44.154 N 6 22.601 E 0 0.370
#GTSRCE GM2 LATLONDM 50 44.141 N 6 22.776 E 0 0.370
#GTSRCE GM3 LATLONDM 50 44.249 N 6 22.776 E 0 0.370
#GTSRCE HES LATLONDM 51 22.074 N 7 02.556 E 0 0.130
#GTSRCE JCK LATLONDM 51 02.099 N 6 25.854 E 0 -0.240
#GTSRCE KRF LATLONDM 51 20.394 N 6 32.178 E 0 0.038
#GTSRCE LOH LATLONDM 50 10.949 N 6 32.136 E 0 0.580
#GTSRCE OLF LATLONDM 50 29.634 N 6 25.211 E 0 0.470
#GTSRCE PLH LATLONDM 51 00.240 N 6 49.170 E 0 -0.300
#GTSRCE RWB LATLONDM 51 06.107 N 6 09.300 E 0 0.045
#GTSRCE SOR LATLONDM 51 20.982 N 7 58.283 E 0 0.280
#GTSRCE TDN LATLONDM 50 34.487 N 6 56.676 E 0 0.350
#GTSRCE WBS LATLONDM 50 48.365 N 7 16.986 E 0 0.130
#GTSRCE BING LATLON 50.9708 5.9268 0 0
#GTSRCE DBN0 LATLON 52.10167 5.17667 0 0.003
#GTSRCE HGN0 LATLON 50.764 5.9317 0 0.135
#GTSRCE MAM0 LATLON 50.8 5.9727 0 0
#GTSRCE NEER LATLON 51.1687 5.7846 0 0.030
#GTSRCE OPL0 LATLON 51.6080 5.8730 0 0
#GTSRCE RDC0 LATLON 50.8694 6.0847 0 0.145
#GTSRCE WIT0 LATLON 52.8135 6.6695 0 0.017
#GTSRCE WTSB LATLON 51.9663 6.7989 0 0.043
#GTSRCE BNS LATLON 50.9639 7.1756 0 0.200
#GTSRCE BGG LATLON 50.2060 7.3372 0 0.140
#GTSRCE DREG LATLON 50.6630 6.2330 0 0.390
#GTSRCE DRE LATLON 50.6630 6.2330 0 0.390
#GTSRCE HILG LATLON 50.2918 6.6788 0 0.500
#GTSRCE HIL LATLON 50.2918 6.6788 0 0.500
#GTSRCE HOBG LATLON 50.9835 7.3338 0 0.270
#GTSRCE HOB LATLON 50.9835 7.3338 0 0.270
#GTSRCE JUE LATLON 50.9100 6.4070 0 0.091
#GTSRCE KLL LATLON 50.6467 6.3113 0 0.440
#GTSRCE KOE LATLON 50.4253 7.7317 0 0.540
LAUG51.3510N 6.9440E 0 0.140
LAU051.3510N 6.9440E 0 0.140
RODG51.1447N 6.1803E 0 0.070
#GTSRCE ROD LATLON 51.1447 6.1803 0 0.070
#GTSRCE STB LATLON 50.5940 6.8400 0 0.270
#GTSRCE BA01 LATLON 50.7789 6.0614 0 0.216
#GTSRCE BA02 LATLON 50.7722 6.2157 0 0.230
#GTSRCE BA03 LATLON 50.8379 6.3866 0 0.120
#GTSRCE BA04 LATLON 50.7620 6.7941 0 0.118
#GTSRCE BA05 LATLON 50.9175 6.6637 0 0.072
#GTSRCE BA06 LATLON 50.9196 6.7052 0 0.073
#GTSRCE BA07 LATLON 50.9259 6.9243 0 0.050
#GTSRCE BA08 LATLON 50.9642 7.0755 0 0.058
#GTSRCE BA09 LATLON 50.9638 7.1755 0 0.200
#GTSRCE BA10 LATLON 50.6131 6.9945 0 0.186
BA1150.7666N 6.5010E 0 0.138
BA1250.9091N 6.1863E 0 0.116
BA1351.0707N 6.0753E 0 0.042
#GTSRCE BA14 LATLON 50.6717 6.5661 0 0.239
#GTSRCE BA15 LATLON 50.7117 6.9275 0 0.157
#GTSRCE BA16 LATLON 51.0301 6.6616 0 0.081
#GTSRCE BA17 LATLON 51.2516 6.3657 0 0.065
#GTSRCE BA18 LATLON 50.5938 6.8393 0 0.262
#GTSRCE BA19 LATLON 50.9412 6.9577 0 0.048
#GTSRCE BA20 LATLON 50.9412 6.9577 0 0.080
#GTSRCE BD01 LATLON 50.9593 6.6355 0 0.078
#GTSRCE BER LATLON 50.9593 6.6355 0 0.078
#GTSRCE BD02 LATLON 50.9679 6.6743 0 0.115
#GTSRCE TGD LATLON 50.9679 6.6743 0 0.115
#GTSRCE BD03 LATLON 50.9917 6.5570 0 0.070
#GTSRCE MIL LATLON 50.9917 6.5570 0 0.070
#GTSRCE BD04 LATLON 50.9151 6.5986 0 0.080
#GTSRCE GMA LATLON 50.9151 6.5986 0 0.080
#GTSRCE BD05 LATLON 50.9366 6.4832 0 0.090
#GTSRCE HMB LATLON 50.9366 6.4832 0 0.090
#GTSRCE BA05 LATLON 50.9175 6.6637 0 0.072
#GTSRCE SIN LATLON 50.9175 6.6637 0 0.072
#GTSRCE BD07 LATLON 50.9433 6.6740 0 0.074
#GTSRCE ROE LATLON 50.9433 6.6740 0 0.074
#GTSRCE BD08 LATLON 50.8842 6.5017 0 0.114
#GTSRCE FUN LATLON 50.8842 6.5017 0 0.114
BD0951.0963N 6.4650E 0 0.088
HNK051.0963N 6.4650E 0 0.088
BD1051.0548N 6.4572E 0 0.080
PES051.0548N 6.4572E 0 0.080
BD1151.0823N 6.4302E 0 0.100
BOR051.0823N 6.4302E 0 0.100
#GTSRCE BD12 LATLON 50.9020 6.3220 0 -0.077
#GTSRCE BHM LATLON 50.9020 6.3220 0 -0.077
BD1351.0487N 6.4339E 0 0.096
#GTSRCE MEM LATLON 50.60920 6.00661 0 0.250
#GTSRCE BLI LATLON 50.23233 6.28767 0 0.468
#GTSRCE BIW LATLON 50.73083 7.83733 0 0.360
#GTSRCE RCHB LATLON 50.15600 5.22800 0.030 0.191
#GTSRCE ABH LATLON 49.88170 7.54750 0.002 0.620
#GTSRCE RUP LATLON 49.70170 7.05930 0.002 0.752

HM0251.6471N 7.7514E 0.000 0.057
HM0351.6436N 7.7304E 0.000 0.058
HM0451.5939N 7.7044E 0.000 0.065
KM0451.5939N 7.7044E 0.000 0.065
HM0551.6302N 7.7023E 0.000 0.065
HM0651.6502N 7.6951E 0.000 0.059
HM0751.6187N 7.7179E 0.000 0.066
BK0851.6080N 7.6754E 0.000 0.075
HM0851.6080N 7.6754E 0.000 0.075
BK0951.6001N 7.6227E 0.000 0.054
HM0951.6001N 7.6227E 0.000 0.054
BK1051.6397N 7.6611E 0.000 0.053
HM1051.6397N 7.6611E 0.000 0.053
HM1151.6831N 7.7693E 0.000 0.047
HM1251.6618N 7.7707E 0.000 0.060
HM1351.6452N 7.7109E 0.000 0.055
HM1451.6891N 7.7348E 0.000 0.078
HM1551.6820N 7.6936E 0.000 0.085
WR1551.6820N 7.6936E 0.000 0.085
HM1651.6276N 7.7452E 0.000 0.064
HM1751.6777N 7.6512E 0.000 0.081
WR1751.6777N 7.6512E 0.000 0.081
BK1851.6154N 7.6226E 0.000 0.065
BK2051.6077N 7.6518E 0.000 0.060
DR5051.5258N 7.5538E  0.000 0.076
HM2951.6597N 7.8229E  0.000 0.066
KM3551.5844N 7.6232E  0.000 0.061
WR3851.6500N 7.5652E  0.000 0.077
LN3951.6037N 7.5388E  0.000 0.046
BK4151.6298N 7.5978E  0.000 0.052
LN4351.5976N 7.5723E  0.000 0.058
KM4651.5695N 7.6551E  0.000 0.064
BK3151.6110N 7.5966E  0.000 0.048
BK4251.6118N 7.5879E  0.000 0.057

(a4,f7.4,a1,1x,f8.4,a1,1x,i4,1x,i1,1x,i3,1x,f5.2,2x,f5.2)
AHRW50.5410N 007.0760E 0000 1 001 00.00  00.00
BA1651.0301N 006.6616E 0000 1 002 00.00  00.00
BA1751.2516N 006.3657E 0000 1 003 00.00  00.00
BAVS51.6998N 007.1331E 0000 1 004 00.00  00.00
BAVN51.7380N 007.1220E 0000 1 005 00.00  00.00
BD0951.0963N 006.4650E 0000 1 006 00.00  00.00
BD1051.0548N 006.4572E 0000 1 007 00.00  00.00
BD1151.0823N 006.4302E 0000 1 008 00.00  00.00
BD1351.0487N 006.4339E 0000 1 009 00.00  00.00
BULI51.4543N 007.2602E 0000 1 010 00.00  00.00
BPFI51.4185N 007.2276E 0000 1 011 00.00  00.00
BUG051.4406N 007.2692E 0000 1 012 00.00  00.00
BK0851.6080N 007.6754E 0000 1 013 00.00  00.00
BK0951.6001N 007.6227E 0000 1 014 00.00  00.00
BK1051.6397N 007.6611E 0000 1 015 00.00  00.00
BK1851.6154N 007.6226E 0000 1 016 00.00  00.00
BK2051.6077N 007.6518E 0000 1 017 00.00  00.00
BK3151.6110N 007.5966E 0000 1 018 00.00  00.00
BK3551.6154N 007.6226E 0000 1 019 00.00  00.00
BK4151.6298N 007.5978E 0000 1 020 00.00  00.00
BK4251.6118N 007.5879E 0000 1 021 00.00  00.00
BRH251.5118N 006.5729E 0000 1 022 00.00  00.00
BKLB51.4401N 007.2696E 0000 1 023 00.00  00.00
BOR051.0823N 006.4302E 0000 1 024 00.00  00.00
BTEZ51.4490N 007.2790E 0000 1 025 00.00  00.00
ENT051.1448N 007.2464E 0000 1 026 00.00  00.00
DR5051.5258N 007.5538E 0000 1 027 00.00  00.00
HES051.2207N 007.0255E 0000 1 028 00.00  00.00
HMES51.6577N 007.7263E 0000 1 029 00.00  00.00
HM0251.6471N 007.7514E 0000 1 030 00.00  00.00
HM0351.6436N 007.7304E 0000 1 031 00.00  00.00
HM0451.5939N 007.7044E 0000 1 032 00.00  00.00
HM0551.6302N 007.7023E 0000 1 033 00.00  00.00
HM0651.6502N 007.6951E 0000 1 034 00.00  00.00
HM0751.6187N 007.7179E 0000 1 035 00.00  00.00
HM0851.6080N 007.6754E 0000 1 036 00.00  00.00
HM0951.6001N 007.6227E 0000 1 037 00.00  00.00
HM1051.6397N 007.6611E 0000 1 038 00.00  00.00
HM1151.6831N 007.7693E 0000 1 039 00.00  00.00
HM1251.6618N 007.7707E 0000 1 040 00.00  00.00
HM1351.6452N 007.7109E 0000 1 041 00.00  00.00
HM1451.6891N 007.7348E 0000 1 042 00.00  00.00
HM1551.6276N 007.7452E 0000 1 043 00.00  00.00
HM1651.6777N 007.6512E 0000 1 044 00.00  00.00
HM1751.6597N 007.8229E 0000 1 050 00.00  00.00
IBBN52.3071N 007.7566E 0000 1 051 00.00  00.00
IBBE52.2997N 007.7943E 0000 1 052 00.00  00.00
IBBS52.2842N 007.7485E 0000 1 053 00.00  00.00
KM3551.5844N 007.6232E 0000 1 054 00.00  00.00
KM4651.5695N 007.6551E 0000 1 055 00.00  00.00
KAM051.5939N 007.7044E 0000 1 056 00.00  00.00
KAST51.2027N 008.4162E 0000 1 057 00.00  00.00
LAUG51.3510N 006.9440E 0000 1 058 00.00  00.00
LN3951.6037N 007.5388E 0000 1 059 00.00  00.00
LN4351.5976N 007.5723E 0000 1 060 00.00  00.00
SOR051.2098N 007.5828E 0000 1 061 00.00  00.00
      WR1551.6820N 007.6936E 0000 1 062 00.00  00.00  
       WR1751.6777N 007.6512E 0000 1 063 00.00  00.00
ZERL51.6207N 006.8695E 0000 1 064 00.00  00.00
ZER151.5947N 006.8252E 0000 1 065 00.00  00.00
ZER351.6127N 006.8384E 0000 1 066 00.00  00.00

2021  929 0321 52.4 LM 51.632   7.765  0.0  BNS  9 0.3 1.0LBNS                1
 GAP=186        0.73       3.4     2.8  5.2  0.4790E+01  0.5669E+01  0.1541E+02E
 2021  929 0321 52.411  51.63231    7.76500    0.000  0.297                    H
 HAMM                                                                          3
 ACTION:UP  21-10-01 07:39 OP:ascm STATUS:               ID:20210929032152     I
 OLDACT:UP  21-09-30 07:48 OP:BKE  STATUS:               ID:20210929032000     3
 OLDACT:UP  21-09-30 07:43 OP:BKE  STATUS:               ID:20210929032000     3
 OLDACT:UPD 21-09-30 07:40 OP:BKE  STATUS:               ID:20210929032000     3
 2021-09-29-0320-00S.BENS__033                                                 6
 2021-09-29-0320.EXT.mseed                                                     6
 STAT SP IPHASW D HRMM SECON CODA AMPLIT PERI AZIMU VELO AIN AR TRES W  DIS CAZ7
 HMES EZ EP        32152.974                              91   -0.2110 3.85 310 
 HMES EE ES        32153.709                              91   -0.0410 3.85 310 
 BUG  HZ EP        32159.398                              56    0.0610 40.5 238 
 BUG  HN ES        322 4.794                              56    0.3310 40.5 238 
 BUG  HE  IAML     322 7.632         9.9 0.24                          40.5 238 
 BUG  HN  IAML     322 8.282        11.5 0.53                          40.5 238 
 BPFI EZ EP        32159.868                              56   -0.3910 44.2 238 
 BPFI EE ES        322 6.054                              56   -0.0010 44.2 238 
 LAU  SZ EP        322 4.105                              56    0.3810 65.0 242 
 LAU  SN ES        32212.273                              56    0.1810 65.0 242 
 LAU  SE  IAML     32215.418         7.6 0.63                          65.0 242 
 LAU  SN  IAML     32221.899         7.0 0.49                          65.0 242 
 KAST HZ EP        322 4.128                              56    0.2210 65.8 136 
 KAST HE ES        32212.438                              56    0.0310 65.8 136 
 KAST HE  IAML     32214.427         6.9 0.10                          65.8 136 
 HOB  SZ EP        322 5.772                              56   -0.4110 78.2 203 
 HOB  SN ES        32215.975                              56   -0.3910 78.2 203 
 HOB  SE  IAML     32224.859        11.9 0.54                          78.2 203 
 HOB  SN  IAML     32225.753        14.4 0.45                          78.2 203 
 DRE  BN ES        32235.337                              38   -0.06 7  152 225 
 DRE  BE  IAML     32247.988         3.5 1.24                           152 225 
 HGN  BE ES        32237.430                              38    0.14 6  160 234 
 BGG  SZ EP        32219.126                              38    0.81 6  161 191 
 BGG  SE ES        32237.291                              38   -0.20 6  161 191 
 BGG  SE  IAML     32250.956         2.4 0.41                           161 191 
                                                                                




