AHRW50.5410N 7.0760E    0 1   1  0.00   0.00   1
BA1651.0301N 6.6616E    0 1   2  0.00   0.00   1
BA1751.2516N 6.3657E    0 1   3  0.00   0.00   1
BAVS51.6998N 7.1331E    0 1   4  0.00   0.00   1
BAVN51.7380N 7.1220E    0 1   5  0.00   0.00   1 
BD0951.0963N 6.4650E    0 1   6  0.00   0.00   1
BD1051.0548N 6.4572E    0 1   7  0.00   0.00   1
BD1151.0823N 6.4302E    0 1   8  0.00   0.00   1 
BD1351.0487N 6.4339E    0 1   9  0.00   0.00   1
BULI51.4543N 7.2602E    0 1  10  0.00   0.00   1
BPFI51.4185N 7.2276E    0 1  11  0.00   0.00   1
BUG051.4406N 7.2692E    0 1  12  0.00   0.00   1
BK0851.6080N 7.6754E    0 1  13  0.00   0.00   1
BK0951.6001N 7.6227E    0 1  14  0.00   0.00   1
BK1051.6397N 7.6611E    0 1  15  0.00   0.00   1
BK1851.6154N 7.6226E    0 1  16  0.00   0.00   1
BK2051.6077N 7.6518E    0 1  17  0.00   0.00   1
BK3151.6110N 7.5966E    0 1  18  0.00   0.00   1
BK351.6154N 7.6226E     0 1  19  0.00   0.00   1
BK4151.6298N 7.5978E    0 1  20  0.00   0.00   1
BK4251.6118N 7.5879E    0 1  21  0.00   0.00   1
BRH251.5118N 6.5729E    0 1  22  0.00   0.00   1
BKLB51.4401N 7.2696E    0 1  23  0.00   0.00   1
BOR051.0823N 6.4302E    0 1  24  0.00   0.00   1
BTEZ51.4490N 7.2790E    0 1  25  0.00   0.00   1
ENT051.1448N 7.2464E    0 1  26  0.00   0.00   1
DR5051.5258N 7.5538E    0 1  27  0.00   0.00   1
HES051.2207N 7.0255E    0 1  28  0.00   0.00   1
HMES51.6577N 7.7263E    0 1  29  0.00   0.00   1
HM0151.6471N 7.7514E    0 1  30  0.00   0.00   1
HM0251.6436N 7.7304E    0 1  31  0.00   0.00   1
HM0351.5939N 7.7044E    0 1  32  0.00   0.00   1
HM0451.6302N 7.7023E    0 1  33  0.00   0.00   1
HM0551.6502N 7.6951E    0 1  34  0.00   0.00   1
HM0651.6187N 7.7179E    0 1  35  0.00   0.00   1
HM0751.6080N 7.6754E    0 1  36  0.00   0.00   1
HM0851.6001N 7.6227E    0 1  37  0.00   0.00   1
HM0951.6397N 7.6611E    0 1  38  0.00   0.00   1
HM1051.6831N 7.7693E    0 1  39  0.00   0.00   1
HM1151.6618N 7.7707E    0 1  40  0.00   0.00   1
HM1251.6452N 7.7109E    0 1  41  0.00   0.00   1
HM1351.6891N 7.7348E    0 1  42  0.00   0.00   1
HM1451.6276N 7.7452E    0 1  43  0.00   0.00   1
HM1551.6777N 7.6512E    0 1  44  0.00   0.00   1
HM1651.6597N 7.8229E    0 1  50  0.00   0.00   1
IBBN52.3071N 7.7566E    0 1  51  0.00   0.00   1
IBBE52.2997N 7.7943E    0 1  52  0.00   0.00   1
IBBS52.2842N 7.7485E    0 1  53  0.00   0.00   1
KAM051.5939N 7.7044E    0 1  54  0.00   0.00   1
KAST51.2027N 8.4162E    0 1  55  0.00   0.00   1
LAUG51.3510N 6.9440E    0 1  56  0.00   0.00   1
SOR051.2098N 7.5828E    0 1  57  0.00   0.00   1
WR151.6820N 7.6936E     0 1  58  0.00   0.00   1
WR251.6777N 7.6512E     0 1  59  0.00   0.00   1
ZERL51.6207N 6.8695E    0 1  60  0.00   0.00   1
ZER151.5947N 6.8252E    0 1  61  0.00   0.00   1
ZER351.6127N 6.8384E    0 1  62  0.00   0.00   1
