(a4,f7.4,a1,1x,f8.4,a1,1x,i4,1x,i1,1x,i3,1x,f5.2,2x,f5.2)
AHRW50.5410N   7.0760E    0 1   1 0.100  0.00st,latlon,z,model,icc,ptcor,stcor
BA1651.0301N   6.6616E    0 1   2 0.081  0.00
BA1751.2516N   6.3657E    0 1   3 0.065  0.00
BAVS51.6998N   7.1331E    0 1   4 0.034  0.00
BAVN51.7380N   7.1220E    0 1   5 0.065  0.00
BD0951.0963N   6.4650E    0 1   6 0.088  0.00
BD1051.0548N   6.4572E    0 1   7 0.080  0.00
BD1151.0823N   6.4302E    0 1   8 0.100  0.00
BD1351.0487N   6.4339E    0 1   9 0.096  0.00
BULI51.4543N   7.2602E    0 1  10 0.145  0.00
BPFI51.4185N   7.2276E    0 1  11 0.120  0.00
BUG051.4406N   7.2692E    0 1  12 0.050  0.00
BK0851.6080N   7.6754E    0 1  13 0.075  0.00
BK0951.6001N   7.6227E    0 1  14 0.054  0.00
BK1051.6397N   7.6611E    0 1  15 0.053  0.00
BK1851.6154N   7.6226E    0 1  16 0.065  0.00
BK2051.6077N   7.6518E    0 1  17 0.060  0.00
BK3151.6110N   7.5966E    0 1  18 0.048  0.00
BK3551.6154N   7.6226E    0 1  19 0.052  0.00
BK4151.6298N   7.5978E    0 1  20 0.052  0.00
BK4251.6118N   7.5879E    0 1  21 0.057  0.00
BRH251.5118N   6.5729E    0 1  22 0.021  0.00
BKLB51.4401N   7.2696E    0 1  23 0.085  0.00
BOR051.0823N   6.4302E    0 1  24 0.061  0.00
BTEZ51.4490N   7.2790E    0 1  25 0.112  0.00
ENT051.1448N   7.2464E    0 1  26 0.300  0.00
DR5051.5258N   7.5538E    0 1  27 0.076  0.00
HES051.2207N   7.0255E    0 1  28 0.130  0.00
HMES51.6577N   7.7263E    0 1  29 0.056  0.00
HM0251.6471N   7.7514E    0 1  30 0.057  0.00
HM0351.6436N   7.7304E    0 1  31 0.058  0.00
HM0451.5939N   7.7044E    0 1  32 0.065  0.00
HM0551.6302N   7.7023E    0 1  33 0.059  0.00
HM0651.6502N   7.6951E    0 1  34 0.066  0.00
HM0751.6187N   7.7179E    0 1  35 0.075  0.00
HM0851.6080N   7.6754E    0 1  36 0.054  0.00
HM0951.6001N   7.6227E    0 1  37 0.053  0.00
HM1051.6397N   7.6611E    0 1  38 0.047  0.00
HM1151.6831N   7.7693E    0 1  39 0.060  0.00
HM1251.6618N   7.7707E    0 1  40 0.054  0.00
HM1351.6452N   7.7109E    0 1  41 0.053  0.00
HM1451.6891N   7.7348E    0 1  42 0.053  0.00
HM1551.6276N   7.7452E    0 1  43 0.085  0.00
HM1651.6777N   7.6512E    0 1  44 0.064  0.00
HM1751.6597N   7.8229E    0 1  50 0.081  0.00
IBBN52.3071N   7.7566E    0 1  51 0.137  0.00
IBBE52.2997N   7.7943E    0 1  52 0.141  0.00
IBBS52.2842N   7.7485E    0 1  53 0.169  0.00
KM3551.5844N   7.6232E    0 1  54 0.061  0.00
KM4651.5695N   7.6551E    0 1  55 0.064  0.00
KAM051.5939N   7.7044E    0 1  56 0.065  0.00
KAST51.2027N   8.4162E    0 1  57 0.062  0.00
LAUG51.3510N   6.9440E    0 1  58 0.140  0.00
LN3951.6037N   7.5388E    0 1  59 0.052  0.00
LN4351.5976N   7.5723E    0 1  60 0.058  0.00
SOR051.2098N   7.5828E    0 1  61 0.280  0.00
WR1551.6820N   7.6936E    0 1  62 0.085  0.00
WR1751.6777N   7.6512E    0 1  63 0.081  0.00
ZERL51.6207N   6.8695E    0 1  64 0.051  0.00
ZER151.5947N   6.8252E    0 1  65 0.058  0.00
ZER351.6127N   6.8384E    0 1  66 0.064  0.00
