>>> Start of program VELEST at Sep 25 11:36:48 1995 <<<                        
 
 ::::::::::::::::::::::::::::::::::::::                                         
  V E L E S T  - Version : January 3, 1995                                      
  (Authors: see source code)                                                    
 ::::::::::::::::::::::::::::::::::::::                                         
 
 
 Title of this VELEST run:
 
 CALAVERAS area7 1.10.93 EK startmodell vers. 1.1
 ------------------------------------------------
 
 
 Current array-dimensions of program VELEST:
 
 Max. number of EARTHQUAKES for simult. inversion IEQ = 658
 Max. number of SHOTS for simult. inversion    INSHOT =  50
 Max. number of (different) 1D-MODELS      ITOTMODELS =   2
 Max. number of LAYERS per one 1D-model        INLTOT = 100
 Max. number of STATIONS in stationlist           IST = 650
 Max. number of OBSERVATIONS per event MAXOBSPEREVENT = 180
 
 




    INPUT - P A R A M E T E R S :



***
***  olat       olon   icoordsystem      zshift   itrial ztrial    ised
  51.647700   7.695700      0            0.000       0     0.00      0
***
*** neqs   nshot    rotate
     53      0      0.0
***
*** isingle   iresolcalc
       0          0
***
*** dmax    itopo    zmin     veladj    zadj   lowveloclay
  1000.00     0     -0.20       0.20    5.00       0
***
*** nsp    swtfac   vpvs       nmod
     1      0.00    0.000        1
***
***   othet   xythet    zthet    vthet   stathet
       0.01     0.01     0.01     1.00     0.01
***
*** nsinv   nshcor   nshfix     iuseelev    iusestacorr
       1       0       0           1            0
***
*** iturbo    icnvout   istaout   ismpout
       1         1         2         0
***
*** irayout   idrvout   ialeout   idspout   irflout   irfrout   iresout
       0         0         0         0         0         0         0
***
*** delmin   ittmax   invertratio
    0.010       3          1
***
*** Modelfile:
ca1d11.mod
***
*** Stationfile:
ca1vel.sta
***
*** Seismofile:
 
***
*** File with region names:
 
***
*** File with region coordinates:
 
***
*** File #1 with topo data:
 
***
*** File #2 with topo data:
 
***
*** DATA INPUT files:
***
*** File with Earthquake data:
calarea7.cnv
***
*** File with Shot data:
 
***
*** OUTPUT files:
***
*** Main print output file:
VELMOD11area7.OUT
***
*** File with single event locations:
velout.vel
***
*** File with final hypocenters in *.cnv format:
VELMOD11area7.CNV
***
*** File with new station corrections:
mod11area7sta.OUT
***
*** File with summary cards (e.g. for plotting):
velout.smp
***
*** File with raypoints:
velout.ray
***
*** File with derivatives:
velout.drv
***
*** File with ALEs:
velout.ale
***
*** File with Dirichlet spreads:
CALDIRSPRED.DIS
***
*** File with reflection points:
velout.rfl
***
*** File with refraction points:
velout.rfr
***
*** File with residuals:
velout.res
***




 Origin of cartesian coordinates:
        51.6477N     7.6957E
 
  X,Y-AXES rotated clockwise from North
           Rotation angle (rotate):
            rotate=    0.0 degr.
 
 icoordsystem =   0
 normal SHORT DISTANCE CONVERSION will be made
 x is positive towards west, y is positive towards north
 
 
 SHORT DISTANCE CONVERSION on ELLIPSOIDE of WORLD GEODETIC SYSTEM 1972 (WGS72)
 =============================================================================
 
 Radius at equator (REARTH)= 6378.13500  km
   1. / (ellipticity)      =    298.260
 
 Origin of cartesian coordinates [degrees]:
   51.6477000 N         7.6957000 E
 
  Rotation angle (in degr.) clockwise from
North  rotate=    0.0
 
 Radius of sphere at OLAT =   6370.398 km
 
 Conversion of GEOGRAPHICAL LATITUDE to GEOCENTRICAL LATITUDE:
 RLATC = TAN(GEOCENTR.LAT) / TAN(GEOGRAPH.LAT)
 RLATC =   0.99331078
 
          Short distance conversions:
          one min lat ~  1.8497 km 
          one min lon ~  1.4804 km 

 
 
 
 Station-corrections set to ZERO !
 (if you do NOT invert for station-corrections,
  then these 0.0-values are printed in file12 !)
 




    INPUT - M O D E L :



 Model(s) read from file :
 ca1d11.mod                                                                      
 
 model file title: 
 CALAVERAS1D-modell (mod1.1 EK280993)   
 Velocity structure for model   1 :
 
 layer    vel   depth   vdamp  reflector
   1      3.00  -1.0    001.00            P-VELOCITY MODEL
   2      4.40   0.0    001.00
   3      2.50   1.0    001.00 
   4      4.40   2.0    001.00
   5      6.10   4.0    001.00
   6      6.30  10.0    001.00
   7      6.30  12.0    001.00
   8      7.00  18.0    001.00
   9      6.60  22.0    001.00
  10      8.00  25.0    001.00
  11      8.00  32.0    001.00
 Calculation of average velocity starts at layer #   1
 z = -1.00 ...  0.00    v = 3.00    AVEL = 3.00 downto z =   0.00
 z =  0.00 ...  1.00    v = 4.40    AVEL = 4.40 downto z =   1.00
 z =  1.00 ...  2.00    v = 2.50    AVEL = 2.50 downto z =   2.00
 z =  2.00 ...  4.00    v = 4.40    AVEL = 4.40 downto z =   4.00
 z =  4.00 ... 10.00    v = 6.10    AVEL = 6.10 downto z =  10.00
 z = 10.00 ... 12.00    v = 6.30    AVEL = 6.30 downto z =  12.00
 z = 12.00 ... 18.00    v = 6.30    AVEL = 6.30 downto z =  18.00
 z = 18.00 ... 22.00    v = 7.00    AVEL = 7.00 downto z =  22.00
 z = 22.00 ... 25.00    v = 6.60    AVEL = 6.60 downto z =  25.00
 z = 25.00 ... 32.00    v = 8.00    AVEL = 8.00 downto z =  32.00
 
 Calculation of average velocity starts at layer #   2
 z =  0.00 ...  1.00    v = 4.40    AVEL = 4.40 downto z =   1.00
 z =  1.00 ...  2.00    v = 2.50    AVEL = 2.50 downto z =   2.00
 z =  2.00 ...  4.00    v = 4.40    AVEL = 4.40 downto z =   4.00
 z =  4.00 ... 10.00    v = 6.10    AVEL = 6.10 downto z =  10.00
 z = 10.00 ... 12.00    v = 6.30    AVEL = 6.30 downto z =  12.00
 z = 12.00 ... 18.00    v = 6.30    AVEL = 6.30 downto z =  18.00
 z = 18.00 ... 22.00    v = 7.00    AVEL = 7.00 downto z =  22.00
 z = 22.00 ... 25.00    v = 6.60    AVEL = 6.60 downto z =  25.00
 z = 25.00 ... 32.00    v = 8.00    AVEL = 8.00 downto z =  32.00
 




    INPUT - S T A T I O N S :



 Station-parameters read from file :
 ca1vel.sta                                                                      
 
 
     stn latitude longitude elev   x      y      z     ptcor stcor model icc
   1 JECM37.0507N121.8093W     0  23.24 -12.27   0.00   0.00  0.00   1   1
   2 BAPM36.1758N121.6427W     0   8.48-109.37   0.00   0.00  0.00   1   2
   3 BAVM36.6458N121.0298W     0 -46.17 -57.21   0.00   0.00  0.00   1   3
  10 BHRM36.7278N121.2638W     0 -25.30 -48.11   0.00   0.00  0.00   1  10
   
   1 HAMA51.6471N7.7514E       0   0.057 1  0.00 0.00   0.00  0.00   1   1
   2 HAMB51.6436N7.7304E       0   0.058 1  0.00 0.00   0.00  0.00   1   1 
   3 HAMC51.5939N 7.7044E      0   0.065 1  0.00 0.00   0.00  0.00   1   1 
KAM051.5939N 7.7044E    0.065  1  0.00   0.00   1
HAMD51.6302N 7.7023E    0.065  1  0.00   0.00   1
HAME51.6502N 7.6951E    0.059  1  0.00   0.00   1
HAMF51.6187N 7.7179E    0.059  1  0.00   0.00   1
BGK051.6080N 7.6754E    0.075  1  0.00   0.00   1
HAMG51.6080N 7.6754E    0.075  1  0.00   0.00   1
HAMH51.6001N 7.6227E    0.054  1  0.00   0.00   1
BGK151.6001N 7.6227E    0.054  1  0.00   0.00   1
HAMi51.6397N 7.6611E    0.053  1  0.00   0.00   1
BGK251.6397N 7.6611E    0.053  1  0.00   0.00   1
HAMJ51.6831N 7.7693E    0.047  1  0.00   0.00   1
HAMK51.6618N 7.7707E    0.060  1  0.00   0.00   1
HAML51.6452N 7.7109E    0.055  1  0.00   0.00   1
HAMM51.6891N 7.7348E    0.078  1  0.00   0.00   1
HAMN51.6820N 7.6936E    0.085  1  0.00   0.00   1
WER151.6820N 7.6936E    0.085  1  0.00   0.00   1
HAMO51.6276N 7.7452E    0.064  1  0.00   0.00   1
HAMP51.6777N 7.6512E    0.081  1  0.00   0.00   1
WER251.6777N 7.6512E    0.081  1  0.00   0.00   1
BGK351.6154N 7.6226E    0.065  1  0.00   0.00   1
BGK451.6077N 7.6518E    0.060  1  0.00   0.00   1
DOR551.5258N 7.5538E    0.076  1  0.00   0.00   1
HAMQ51.6597N 7.8229E    0.066  1  0.00   0.00   1
BAVS51.6998N 7.1331E    0.034  1  0.00   0.00   1
HNES51.6577N 7.7263E    0.056  1  0.00   0.00   1
BAVN51.7380N 7.1220E    0.065  1  0.00   0.00   1
ZERL51.6207N 6.8695E    0.051  1  0.00   0.00   1
ZER151.5947N 6.8252E    0.058  1  0.00   0.00   1
ZER351.6127N 6.8384E    0.064  1  0.00   0.00   1
TNS050.2236N 8.4489E    0.815  1  0.00   0.00   1
STB050.5940N 6.8400E    0.270  1  0.00   0.00   1
SOR051.2098N 7.5828E    0.280  1  0.00   0.00   1
SIN050.9175N 6.6637E    0.072  1  0.00   0.00   1
RAST52.9095N 7.7163E    0.037  1  0.00   0.00   1
LUEB52.2966N 8.6993E    0.155  1  0.00   0.00   1
KRF051.2039N 6.3217E    0.038  1  0.00   0.00   1
KOE050.4253N 7.7317E    0.540  1  0.00   0.00   1
KLL050.6467N 6.3113E    0.440  1  0.00   0.00   1
KAST51.2027N 8.4162E    0.620  1  0.00   0.00   1
JUE050.9100N 6.4070E    0.091  1  0.00   0.00   1
IBBS52.2842N 7.7566E    0.169  1  0.00   0.00   1
IBBN52.3071N 7.7566E    0.137  1  0.00   0.00   1
IBBE52.2997N 7.7943E    0.141  1  0.00   0.00   1
HIL050.2918N 6.6788E    0.500  1  0.00   0.00   1
HGN050.7640N 5.9317E    0.135  1  0.00   0.00   1
HES051.2207N 7.0255E    0.130  1  0.00   0.00   1
GTTG51.5463N 9.9641E    0.272  1  0.00   0.00   1
ENT051.1448N 7.2464E    0.300  1  0.00   0.00   1
BULI51.4543N 7.2602E    0.145  1  0.00   0.00   1
BUG051.4406N 7.2692E    0.050  1  0.00   0.00   1
BTEZ51.4490N 7.2790E    0.112  1  0.00   0.00   1
BPFI51.4185N 7.2276E    0.120  1  0.00   0.00   1
BKLB51.4401N 7.2696E    0.034  1  0.00   0.00   1
BTEZ51.4490N 7.2790E    0.112  1  0.00   0.00   1
WLFO49.6646N 6.1526E    0.295  1  0.00   0.00   1
TNS050.2236N 8.4489E    0.815  1  0.00   0.00   1
CLZ051.8429N 10.374E    0.680  1  0.00   0.00   1
FLT152.3306N 11.237E    0.100  1  0.00   0.00   1
BSEG53.9353N 10.316E    0.040  1  0.00   0.00   1
STU048.7719N 9.1950E    0.360  1  0.00   0.00   1
MOX050.6447N 11.615E    0.455  1  0.00   0.00   1
BFO048.3311N 8.3303E    0.589  1  0.00   0.00   1
GRA149.6919N 11.221E    0.499  1  0.00   0.00   1
GRB249.2709N 11.670E    0.552  1  0.00   0.00   1
CLL051.3090N 13.004E    0.230  1  0.00   0.00   1
FUR048.1629N 11.275E    0.565  1  0.00   0.00   1
BRG050.8748N 13.946E    0.296  1  0.00   0.00   1
WET049.1440N 12.878E    0.613  1  0.00   0.00   1
MORC49.7766N 17.542E    0.740  1  0.00   0.00   1
BHE050.2117N 7.1077E    0.290  1  0.00   0.00   1
ENT051.1448N 7.2464E    0.300  1  0.00   0.00   1
GSH050.4414N 6.2277E    0.370  1  0.00   0.00   1
GM0150.4415N 6.2260E    0.370  1  0.00   0.00   1
GM0250.4414N 6.2277E    0.370  1  0.00   0.00   1
GM0350.4424N 6.2277E    0.370  1  0.00   0.00   1
HES051.2207N 7.0255E    0.130  1  0.00   0.00   1
JCK051.0209N 6.2585E    -0.24  1  0.00   0.00   1
KRF051.2039N 6.3217E    0.038  1  0.00   0.00   1
LOH050.1094N 6.3213E    0.580  1  0.00   0.00   1
OLF050.2963N 6.2521E    0.470  1  0.00   0.00   1
PLH051.0024N 6.4917E    -0.30  1  0.00   0.00   1
RWB051.0610N 6.0930E    0.045  1  0.00   0.00   1
SOR051.2098N 7.5828E    0.280  1  0.00   0.00   1
TDN050.3458N 6.5667E    0.350  1  0.00   0.00   1
WBS050.4836N 7.1698E    0.130  1  0.00   0.00   1
ASSE52.1300N 10.673E    -0.30  1  0.00   0.00   1
BING50.9708N 5.9268E    0.000  1  0.00   0.00   1
DBNO52.1016N 5.1766E    0.003  1  0.00   0.00   1
HGNO50.764ON 5.9317E    0.135  1  0.00   0.00   1
MANO50.8000N 5.9727E    0.000  1  0.00   0.00   1
NEER51.1687N 5.7846E    0.030  1  0.00   0.00   1
OPLO51.6080N 5.8730E    0.000  1  0.00   0.00   1
RDCO50.8694N 6.0847E    0.145  1  0.00   0.00   1
WITO52.8135N 6.6695E    0.017  1  0.00   0.00   1
WTSB51.9663N 6.7989E    0.043  1  0.00   0.00   1
BNS050.9639N 7.1756E    0.200  1  0.00   0.00   1
BGG050.2060N 7.3372E    0.140  1  0.00   0.00   1
DREG50.6630N 6.2330E    0.390  1  0.00   0.00   1
DRE050.6630N 6.2330E    0.390  1  0.00   0.00   1
HOBG50.9835N 7.3338E    0.270  1  0.00   0.00   1
HILG50.2928N 6.6788E    0.500  1  0.00   0.00   1
JUE050.9100N 6.4070E    0.091  1  0.00   0.00   1
KLL050.6467N 6.3113E    0.440  1  0.00   0.00   1
KOE050.4253N 7.7317E    0.540  1  0.00   0.00   1
LAUG51.3510N 6.9440E    0.140  1  0.00   0.00   1
RODG51.1447N 6.1803E    0.070  1  0.00   0.00   1
STB050.5940N 6.8400E    0.270  1  0.00   0.00   1
BA0150.7789N 6.0614E    0.216  1  0.00   0.00   1
BA0250.7722N 6.2157E    0.230  1  0.00   0.00   1
BA0350.8379N 6.3866E    0.120  1  0.00   0.00   1
BA0450.7620N 6.7941E    0.118  1  0.00   0.00   1
BA0550.9175N 6.6637E    0.072  1  0.00   0.00   1
BA0650.9196N 6.7052E    0.073  1  0.00   0.00   1
BA0750.9259N 6.9243E    0.050  1  0.00   0.00   1
BA0850.9642N 7.0755E    0.058  1  0.00   0.00   1
BA0950.9638N 7.1755E    0.200  1  0.00   0.00   1
BA1050.6131N 6.9945E    0.186  1  0.00   0.00   1
 
 NO Seismo-parameter-file specified
 --> NO magnitudes calculated!
 
 
 
 
   neqs=   53  nshot=    0  nltot=   10

 ~~~ input parameters read.
 ~~~ set units for first iteration ...
 ~~~ determine number of unknowns ...
 
 Number of unknowns (for array-indexing):  nvar =  420
 Number of effective unknowns        :  nvareff =  222
 Number of elements on/below main diagonal of matrix G = At*A : kvar =   88410
 
 ~~~ reset G and RHT ...
 ~~~ input data, raytracing, setup G ...






    I N P U T - D A T A  

  eq    origin-time    latitude longitude depth    x      y      z    mag ifxOBS
   1 840210 2306 50.92 37.1653N 121.5500W   5.62   0.20   0.44   5.62 0.00 0  14
   2 840425 0640  4.49 37.1597N 121.5423W   8.56  -0.49  -0.18   8.56 0.00 0  15
   3 840425 0727 43.10 37.1568N 121.5517W   4.82   0.35  -0.50   4.82 0.00 0  19
   4 840429 0409 16.77 37.1590N 121.5512W   5.42   0.30  -0.26   5.42 0.00 0  15
   5 840503 1616 19.86 37.1630N 121.5437W   8.31  -0.36   0.19   8.31 0.00 0  13
   
